<?xml version="1.0" encoding="UTF-8"?>
<!-- Generated by org.testng.reporters.JUnitReportReporter -->
<testsuite hostname="GI-DT-NOC11" name="ProjectBus.Goibibo_Bus_Vertical.Goibibo_Bus_Vertical" tests="5" failures="0" timestamp="14 Mar 2020 03:41:58 GMT" time="28.375" errors="0">
  <testcase name="icon" time="3.802" classname="ProjectBus.Goibibo_Bus_Vertical.Goibibo_Bus_Vertical"/>
  <testcase name="bus_details_page" time="7.161" classname="ProjectBus.Goibibo_Bus_Vertical.Goibibo_Bus_Vertical"/>
  <testcase name="Bus_payment_page" time="11.035" classname="ProjectBus.Goibibo_Bus_Vertical.Goibibo_Bus_Vertical"/>
  <testcase name="Bus_Review_page" time="2.020" classname="ProjectBus.Goibibo_Bus_Vertical.Goibibo_Bus_Vertical"/>
  <testcase name="Bus_hompage" time="4.357" classname="ProjectBus.Goibibo_Bus_Vertical.Goibibo_Bus_Vertical"/>
</testsuite> <!-- ProjectBus.Goibibo_Bus_Vertical.Goibibo_Bus_Vertical -->
