<?xml version="1.0" encoding="UTF-8"?>
<!-- Generated by org.testng.reporters.JUnitReportReporter -->
<testsuite hostname="GI-DT-NOC11" name="ProjectBus.Goibibo_Bus_Vertical.Goibibo_Bus_Vertical" tests="5" failures="0" timestamp="9 Mar 2020 22:53:46 GMT" time="19.077" errors="0">
  <testcase name="Bus_Review_page" time="1.763" classname="ProjectBus.Goibibo_Bus_Vertical.Goibibo_Bus_Vertical"/>
  <testcase name="icon" time="2.846" classname="ProjectBus.Goibibo_Bus_Vertical.Goibibo_Bus_Vertical"/>
  <testcase name="Bus_payment_page" time="5.874" classname="ProjectBus.Goibibo_Bus_Vertical.Goibibo_Bus_Vertical"/>
  <testcase name="Bus_hompage" time="2.664" classname="ProjectBus.Goibibo_Bus_Vertical.Goibibo_Bus_Vertical"/>
  <testcase name="bus_details_page" time="5.930" classname="ProjectBus.Goibibo_Bus_Vertical.Goibibo_Bus_Vertical"/>
</testsuite> <!-- ProjectBus.Goibibo_Bus_Vertical.Goibibo_Bus_Vertical -->
